<?xml version="1.0" encoding="UTF-8"?>
<!-- Generated by org.testng.reporters.JUnitXMLReporter -->
<testsuite ignored="0" hostname="KTPLHWR0029" failures="1" tests="3" name="Test" time="521.123" errors="0" timestamp="2024-01-03T14:55:10 IST">
  <testcase classname="com.testcases.TC_02_ScheduleTest" name="scheduleTest" time="70.558"/>
  <testcase classname="com.testcases.TC_03_DQGUsers" name="DQGatewayUsers" time="0.102">
    <failure type="java.lang.NullPointerException" message="Cannot invoke &amp;quot;org.openqa.selenium.JavascriptExecutor.executeScript(String, Object[])&amp;quot; because &amp;quot;js&amp;quot; is null">
      <![CDATA[java.lang.NullPointerException: Cannot invoke "org.openqa.selenium.JavascriptExecutor.executeScript(String, Object[])" because "js" is null
at com.utilities.UtillFunctions.scrollDown1(UtillFunctions.java:76)
at com.pagefactory.DQGusersPage.hitDQGUsers(DQGusersPage.java:24)
at com.testcases.TC_03_DQGUsers.DQGatewayUsers(TC_03_DQGUsers.java:16)
at java.base/java.util.ArrayList.forEach(ArrayList.java:1511)
... Removed 27 stack frames]]>
    </failure>
  </testcase> <!-- DQGatewayUsers -->
  <testcase classname="com.testcases.TC_04_MastersData" name="MastersData" time="54.123"/>
</testsuite> <!-- Test -->
